        -:    0:Source:/mnt/d/github/a45-tavi255/main.cpp
        -:    0:Graph:/mnt/d/github/a45-tavi255/cmake-build-debug-coverage/CMakeFiles/a45_tavi255.dir/main.cpp.gcno
        -:    0:Data:/mnt/d/github/a45-tavi255/cmake-build-debug-coverage/CMakeFiles/a45_tavi255.dir/main.cpp.gcda
        -:    0:Runs:1
        -:    1:#include <iostream>
        -:    2:#include "tests/test.h"
        -:    3:#include "repository/Repo.h"
        -:    4:#include "generator/generator.h"
        -:    5:#include "entity/Tutorial.h"
        -:    6:#include "services/Services.h"
        -:    7:#include "Ui/console.h"
        -:    8:using namespace std;
        -:    9:
        1:   10:int main()
        -:   11:{
        -:   12:
        1:   13:    test_all();
        1:   13-block  0
        -:   14:
        -:   15://    Repo<Tutorial>r;
        -:   16://    generate(&r);
        -:   17://    Services s(&r);
        -:   18://    Console console(&s);
        -:   19://    console.run_console();
        -:   20:
        -:   21:
        -:   22:
        1:   23:}
        -:   24:
