        -:    0:Source:/mnt/d/github/a45-tavi255/validator/validator.cpp
        -:    0:Graph:/mnt/d/github/a45-tavi255/cmake-build-debug-coverage/CMakeFiles/a45_tavi255.dir/validator/validator.cpp.gcno
        -:    0:Data:/mnt/d/github/a45-tavi255/cmake-build-debug-coverage/CMakeFiles/a45_tavi255.dir/validator/validator.cpp.gcda
        -:    0:Runs:1
        -:    1://
        -:    2:// Created by Tavi on 21.03.2021.
        -:    3://
        -:    4:
        -:    5:#include "validator.h"
        -:    6:#include <cstring>
        -:    7:#include <stdexcept>
        -:    8:
        9:    9:void validate(Tutorial t)
        -:   10:{
       18:   11:    string s="";
    $$$$$:   11-block  0
        3:   11-block  1
        9:   12:    if(t.get_title()=="")
        9:   12-block  0
        1:   13:        s+="Invalid title!\n";
        1:   13-block  0
        -:   14:
        -:   15:
        9:   16:    if(t.get_presenter()=="")
        9:   16-block  0
        9:   16-block  1
        1:   17:        s+="Invalid name!\n";
        1:   17-block  0
        -:   18:
        -:   19:    else
        -:   20:    {
       16:   21:        string p=t.get_presenter();
        8:   21-block  0
        8:   21-block  1
    $$$$$:   21-block  2
        8:   22:        if(p[0]<'A' || p[0]>'Z')
        8:   22-block  0
        8:   22-block  1
        8:   22-block  2
        8:   22-block  3
        1:   22-block  4
        7:   22-block  5
        8:   22-block  6
        1:   23:            s+="Invalid name!\n";
        1:   23-block  0
        -:   24:    }
        -:   25:
       18:   26:    string k=t.get_duration();
        9:   26-block  0
        3:   26-block  1
        -:   27:
        9:   28:    char u[k.size()+1];
        9:   28-block  0
        9:   29:    char list[4][k.size()+1];
        -:   30:
        9:   31:    strcpy(u,k.c_str());
        -:   32:
        9:   33:    char *pp=strtok(u,":");
        -:   34:
        9:   35:    int nr=0;
        -:   36:
        -:   37:
       25:   38:    while(pp)
       25:   38-block  0
        -:   39:    {
       17:   40:        nr++;
        -:   41:
       17:   42:        if(nr>2)
       17:   42-block  0
        -:   43:        {
        1:   44:            s+="Invalid duration!\n";
        1:   44-block  0
        1:   45:            break;
        1:   45-block  0
        -:   46:        }
        -:   47:
       16:   48:        strcpy(list[nr],pp);
       16:   49:        pp=strtok(NULL,":");
       16:   49-block  0
        -:   50:
        -:   51:
        -:   52:    }
        -:   53:
        9:   54:    if(nr==2)
        9:   54-block  0
        -:   55:    {
        7:   56:        int n=atoi(list[1]);
        7:   57:        int m=atoi(list[2]);
        -:   58:
        7:   59:        if(n==0 ||m==0)
        7:   59-block  0
        7:   59-block  1
    #####:   60:            s+="Invalid duration!\n";
    %%%%%:   60-block  0
        -:   61:    }
        -:   62:
        9:   63:    if(t.get_likes()<0)
        9:   63-block  0
        9:   63-block  1
        1:   64:        s+="Invalid number of likes!\n";
        1:   64-block  0
        -:   65:
       18:   66:    string q=t.get_link();
        9:   66-block  0
        6:   66-block  1
        3:   66-block  2
        -:   67:
        9:   68:    if(q.rfind("www.",0)!=0)
        9:   68-block  0
        9:   68-block  1
    #####:   69:        s+="Invalid link!\n";
    %%%%%:   69-block  0
        -:   70:
        9:   71:    else if(q.rfind('.')<=3 || q.rfind('.')==q.size()-1)
        9:   71-block  0
        7:   71-block  1
        3:   71-block  2
        6:   71-block  3
        9:   71-block  4
        3:   72:        s+="Invalid link!\n";
        3:   72-block  0
        -:   73:
        -:   74:
        9:   75:    if(s.size()>0)
        9:   75-block  0
       12:   76:        throw runtime_error(s);
        9:   76-block  0
        3:   76-block  1
        3:   76-block  2
    $$$$$:   76-block  3
        -:   77:
        -:   78:
        -:   79:
        6:   80:}
        -:   81:
        5:   82:int in_repo(Tutorial t,Repo<Tutorial> *h)
        -:   83:{
       5*:   84:    for(int i=0;i<h->size();i++)
        5:   84-block  0
        5:   84-block  1
    %%%%%:   84-block  2
        2:   85:        if(h->operator[](i).get_link()==t.get_link())
        2:   85-block  0
        2:   85-block  1
        2:   85-block  2
    $$$$$:   85-block  3
    $$$$$:   85-block  4
    $$$$$:   85-block  5
        2:   86:            return i;
        2:   86-block  0
        3:   87:    return -1;
        3:   87-block  0
        -:   88:}
        -:   89:
        2:   90:int in_repo_l(string l,Repo<Tutorial>*h)
        -:   91:{
       2*:   92:    for(int i=0;i<h->size();i++)
        2:   92-block  0
        2:   92-block  1
    %%%%%:   92-block  2
        1:   93:       if(h->operator[](i).get_link()==l)
        1:   93-block  0
        1:   93-block  1
    $$$$$:   93-block  2
        1:   94:           return i;
        1:   94-block  0
        1:   95:    return -1;
        1:   95-block  0
        -:   96:}
